<?xml version="1.0" encoding="UTF-8"?>
<!-- Generated by org.testng.reporters.JUnitXMLReporter -->
<testsuite ignored="0" hostname="Mahesh-Singh-MacBook.local" failures="2" tests="2" name="Default test" time="41.133" errors="0" timestamp="2023-04-05T18:44:40 IST">
  <testcase classname="io.cucumber.testng.AbstractTestNGCucumberTests" name="runScenario" time="21.366">
    <failure type="org.openqa.selenium.NoSuchElementException" message="An element could not be located on the page using the given search parameters.
For documentation on this error, please visit: https://selenium.dev/exceptions/#no_such_element
Build info: version: &amp;apos;4.6.0&amp;apos;, revision: &amp;apos;79f1c02ae20&amp;apos;
System info: os.name: &amp;apos;Mac OS X&amp;apos;, os.arch: &amp;apos;x86_64&amp;apos;, os.version: &amp;apos;13.3&amp;apos;, java.version: &amp;apos;19.0.1&amp;apos;
Driver info: io.appium.java_client.android.AndroidDriver
Command: [e72f68fb-1fb1-482f-9a8d-e5c60fe10fa5, findElement {using=class name, value=&amp;quot;android.widget.EditText&amp;quot;}]
Capabilities {appium:app: /Users/administrator/git/ni..., appium:appPackage: com.sustainnovationgroup.sh..., appium:automationName: UIAutomator2, appium:databaseEnabled: false, appium:desired: {app: /Users/administrator/git/ni..., automationName: UIAutomator2, noReset: true, platformName: android}, appium:deviceApiLevel: 31, appium:deviceManufacturer: Google, appium:deviceModel: sdk_gphone64_arm64, appium:deviceName: emulator-5554, appium:deviceScreenDensity: 440, appium:deviceScreenSize: 1080x2340, appium:deviceUDID: emulator-5554, appium:javascriptEnabled: true, appium:locationContextEnabled: false, appium:networkConnectionEnabled: true, appium:noReset: true, appium:pixelRatio: 2.75, appium:platformVersion: 12, appium:statBarHeight: 145, appium:takesScreenshot: true, appium:viewportRect: {height: 1927, left: 0, top: 145, width: 1080}, appium:warnings: {}, appium:webStorageEnabled: false, platformName: ANDROID}
Session ID: e72f68fb-1fb1-482f-9a8d-e5c60fe10fa5">
      <![CDATA[org.openqa.selenium.NoSuchElementException: An element could not be located on the page using the given search parameters.
For documentation on this error, please visit: https://selenium.dev/exceptions/#no_such_element
Build info: version: '4.6.0', revision: '79f1c02ae20'
System info: os.name: 'Mac OS X', os.arch: 'x86_64', os.version: '13.3', java.version: '19.0.1'
Driver info: io.appium.java_client.android.AndroidDriver
Command: [e72f68fb-1fb1-482f-9a8d-e5c60fe10fa5, findElement {using=class name, value="android.widget.EditText"}]
Capabilities {appium:app: /Users/administrator/git/ni..., appium:appPackage: com.sustainnovationgroup.sh..., appium:automationName: UIAutomator2, appium:databaseEnabled: false, appium:desired: {app: /Users/administrator/git/ni..., automationName: UIAutomator2, noReset: true, platformName: android}, appium:deviceApiLevel: 31, appium:deviceManufacturer: Google, appium:deviceModel: sdk_gphone64_arm64, appium:deviceName: emulator-5554, appium:deviceScreenDensity: 440, appium:deviceScreenSize: 1080x2340, appium:deviceUDID: emulator-5554, appium:javascriptEnabled: true, appium:locationContextEnabled: false, appium:networkConnectionEnabled: true, appium:noReset: true, appium:pixelRatio: 2.75, appium:platformVersion: 12, appium:statBarHeight: 145, appium:takesScreenshot: true, appium:viewportRect: {height: 1927, left: 0, top: 145, width: 1080}, appium:warnings: {}, appium:webStorageEnabled: false, platformName: ANDROID}
Session ID: e72f68fb-1fb1-482f-9a8d-e5c60fe10fa5
at java.base/jdk.internal.reflect.DirectConstructorHandleAccessor.newInstance(DirectConstructorHandleAccessor.java:67)
at java.base/java.lang.reflect.Constructor.newInstanceWithCaller(Constructor.java:500)
at java.base/java.lang.reflect.Constructor.newInstance(Constructor.java:484)
at org.openqa.selenium.remote.codec.w3c.W3CHttpResponseCodec.createException(W3CHttpResponseCodec.java:200)
at org.openqa.selenium.remote.codec.w3c.W3CHttpResponseCodec.decode(W3CHttpResponseCodec.java:133)
at org.openqa.selenium.remote.codec.w3c.W3CHttpResponseCodec.decode(W3CHttpResponseCodec.java:53)
at org.openqa.selenium.remote.HttpCommandExecutor.execute(HttpCommandExecutor.java:184)
at io.appium.java_client.remote.AppiumCommandExecutor.execute(AppiumCommandExecutor.java:189)
at org.openqa.selenium.remote.RemoteWebDriver.execute(RemoteWebDriver.java:541)
at org.openqa.selenium.remote.ElementLocation$ElementFinder$2.findElement(ElementLocation.java:162)
at org.openqa.selenium.remote.ElementLocation.findElement(ElementLocation.java:66)
at org.openqa.selenium.remote.RemoteWebDriver.findElement(RemoteWebDriver.java:365)
at org.openqa.selenium.remote.RemoteWebDriver.findElement(RemoteWebDriver.java:357)
at app.app_page_objects.LoginPage_PageObjects.LoginPage.validate_useremail_box(LoginPage.java:113)
at app.app_stepdefinitions.LoginPage_StepDefinitions.LoginPage_StepDefinitions.validate_and_enter_the_useremail(LoginPage_StepDefinitions.java:33)
at ✽.validate and enter the useremail(file:///Users/administrator/eclipse-workspace/nimbly-automation/src/test/java/app/app_features/1.Login.feature:7)
]]>
    </failure>
  </testcase> <!-- runScenario -->
  <testcase classname="io.cucumber.testng.AbstractTestNGCucumberTests" name="runScenario" time="16.941">
    <failure type="org.openqa.selenium.NoSuchElementException" message="An element could not be located on the page using the given search parameters.
For documentation on this error, please visit: https://selenium.dev/exceptions/#no_such_element
Build info: version: &amp;apos;4.6.0&amp;apos;, revision: &amp;apos;79f1c02ae20&amp;apos;
System info: os.name: &amp;apos;Mac OS X&amp;apos;, os.arch: &amp;apos;x86_64&amp;apos;, os.version: &amp;apos;13.3&amp;apos;, java.version: &amp;apos;19.0.1&amp;apos;
Driver info: io.appium.java_client.android.AndroidDriver
Command: [670acb4f-5849-4508-b450-7e0477b856aa, findElement {using=xpath, value=(//android.widget.TextView)[@text=&amp;apos;Settings&amp;apos;]}]
Capabilities {appium:app: /Users/administrator/git/ni..., appium:appPackage: com.sustainnovationgroup.sh..., appium:automationName: UIAutomator2, appium:databaseEnabled: false, appium:desired: {app: /Users/administrator/git/ni..., automationName: UIAutomator2, noReset: true, platformName: android}, appium:deviceApiLevel: 31, appium:deviceManufacturer: Google, appium:deviceModel: sdk_gphone64_arm64, appium:deviceName: emulator-5554, appium:deviceScreenDensity: 440, appium:deviceScreenSize: 1080x2340, appium:deviceUDID: emulator-5554, appium:javascriptEnabled: true, appium:locationContextEnabled: false, appium:networkConnectionEnabled: true, appium:noReset: true, appium:pixelRatio: 2.75, appium:platformVersion: 12, appium:statBarHeight: 145, appium:takesScreenshot: true, appium:viewportRect: {height: 1927, left: 0, top: 145, width: 1080}, appium:warnings: {}, appium:webStorageEnabled: false, platformName: ANDROID}
Session ID: 670acb4f-5849-4508-b450-7e0477b856aa">
      <![CDATA[org.openqa.selenium.NoSuchElementException: An element could not be located on the page using the given search parameters.
For documentation on this error, please visit: https://selenium.dev/exceptions/#no_such_element
Build info: version: '4.6.0', revision: '79f1c02ae20'
System info: os.name: 'Mac OS X', os.arch: 'x86_64', os.version: '13.3', java.version: '19.0.1'
Driver info: io.appium.java_client.android.AndroidDriver
Command: [670acb4f-5849-4508-b450-7e0477b856aa, findElement {using=xpath, value=(//android.widget.TextView)[@text='Settings']}]
Capabilities {appium:app: /Users/administrator/git/ni..., appium:appPackage: com.sustainnovationgroup.sh..., appium:automationName: UIAutomator2, appium:databaseEnabled: false, appium:desired: {app: /Users/administrator/git/ni..., automationName: UIAutomator2, noReset: true, platformName: android}, appium:deviceApiLevel: 31, appium:deviceManufacturer: Google, appium:deviceModel: sdk_gphone64_arm64, appium:deviceName: emulator-5554, appium:deviceScreenDensity: 440, appium:deviceScreenSize: 1080x2340, appium:deviceUDID: emulator-5554, appium:javascriptEnabled: true, appium:locationContextEnabled: false, appium:networkConnectionEnabled: true, appium:noReset: true, appium:pixelRatio: 2.75, appium:platformVersion: 12, appium:statBarHeight: 145, appium:takesScreenshot: true, appium:viewportRect: {height: 1927, left: 0, top: 145, width: 1080}, appium:warnings: {}, appium:webStorageEnabled: false, platformName: ANDROID}
Session ID: 670acb4f-5849-4508-b450-7e0477b856aa
at java.base/jdk.internal.reflect.DirectConstructorHandleAccessor.newInstance(DirectConstructorHandleAccessor.java:67)
at java.base/java.lang.reflect.Constructor.newInstanceWithCaller(Constructor.java:500)
at java.base/java.lang.reflect.Constructor.newInstance(Constructor.java:484)
at org.openqa.selenium.remote.codec.w3c.W3CHttpResponseCodec.createException(W3CHttpResponseCodec.java:200)
at org.openqa.selenium.remote.codec.w3c.W3CHttpResponseCodec.decode(W3CHttpResponseCodec.java:133)
at org.openqa.selenium.remote.codec.w3c.W3CHttpResponseCodec.decode(W3CHttpResponseCodec.java:53)
at org.openqa.selenium.remote.HttpCommandExecutor.execute(HttpCommandExecutor.java:184)
at io.appium.java_client.remote.AppiumCommandExecutor.execute(AppiumCommandExecutor.java:189)
at org.openqa.selenium.remote.RemoteWebDriver.execute(RemoteWebDriver.java:541)
at org.openqa.selenium.remote.ElementLocation$ElementFinder$2.findElement(ElementLocation.java:162)
at org.openqa.selenium.remote.ElementLocation.findElement(ElementLocation.java:60)
at org.openqa.selenium.remote.RemoteWebDriver.findElement(RemoteWebDriver.java:365)
at org.openqa.selenium.remote.RemoteWebDriver.findElement(RemoteWebDriver.java:357)
at app.app_page_objects.SettingsPage_PageObjects.LogOutPage.navigate_to_settingspage(LogOutPage.java:32)
at app.app_stepdefinitions.SettingsPage_StepDefinitions.LogOutPage_StepDefinitions.navigate_to_settings_page(LogOutPage_StepDefinitions.java:24)
at ✽.navigate to settings page(file:///Users/administrator/eclipse-workspace/nimbly-automation/src/test/java/app/app_features/SettingsPage.feature:9)
]]>
    </failure>
  </testcase> <!-- runScenario -->
</testsuite> <!-- Default test -->
