<?xml version="1.0" encoding="UTF-8"?>
<testng-results ignored="0" total="6" passed="0" failed="6" skipped="0">
  <reporter-output>
  </reporter-output>
  <suite started-at="2024-10-14T15:02:09 IST" name="Default suite" finished-at="2024-10-14T15:07:28 IST" duration-ms="319376">
    <groups>
      <group name="cucumber">
        <method signature="AbstractTestNGCucumberTests.runScenario(io.cucumber.testng.PickleWrapper,io.cucumber.testng.FeatureWrapper)[pri:0, instance:cucumber_options.TestNG_testrunner_app@359df09a]" name="runScenario" class="io.cucumber.testng.AbstractTestNGCucumberTests"/>
      </group> <!-- cucumber -->
    </groups>
    <test started-at="2024-10-14T15:02:09 IST" name="Default test" finished-at="2024-10-14T15:07:28 IST" duration-ms="319376">
      <class name="cucumber_options.TestNG_testrunner_app">
        <test-method is-config="true" signature="setUpClass(org.testng.ITestContext)[pri:0, instance:cucumber_options.TestNG_testrunner_app@359df09a]" started-at="2024-10-14T15:02:09 IST" name="setUpClass" finished-at="2024-10-14T15:02:10 IST" duration-ms="1027" status="PASS">
          <params>
            <param index="0">
              <value>
                <![CDATA[org.testng.TestRunner@131ff6fa]]>
              </value>
            </param>
          </params>
          <reporter-output>
          </reporter-output>
        </test-method> <!-- setUpClass -->
        <test-method signature="runScenario(io.cucumber.testng.PickleWrapper,io.cucumber.testng.FeatureWrapper)[pri:0, instance:cucumber_options.TestNG_testrunner_app@359df09a]" started-at="2024-10-14T15:02:10 IST" name="runScenario" description="Runs Cucumber Scenarios" data-provider="scenarios" finished-at="2024-10-14T15:03:02 IST" duration-ms="52691" status="FAIL">
          <params>
            <param index="0">
              <value>
                <![CDATA["Validate Monthly Schedule Audit Process"]]>
              </value>
            </param>
            <param index="1">
              <value>
                <![CDATA["Validate Audit Process For Daily Schedule Type"]]>
              </value>
            </param>
          </params>
          <exception class="org.openqa.selenium.StaleElementReferenceException">
            <message>
              <![CDATA[The element 'By.xpath: //android.widget.TextView[@text='Yes']' does not exist in DOM anymore
For documentation on this error, please visit: https://selenium.dev/exceptions/#stale_element_reference
Build info: version: '4.6.0', revision: '79f1c02ae20'
System info: os.name: 'Mac OS X', os.arch: 'x86_64', os.version: '15.0', java.version: '17.0.5'
Driver info: io.appium.java_client.AppiumDriver
Command: [fce88f98-8532-45aa-b3a8-9744d4912874, getElementText {id=00000000-0000-140d-ffff-ffff00000169}]
Capabilities {appium:adbExecTimeout: 120000, appium:appActivity: com.sustainnovationgroup.ni..., appium:appPackage: com.sustainnovationgroup.ni..., appium:autoAcceptAlerts: true, appium:autoGrantPermissions: true, appium:automationName: UiAutomator2, appium:chromeOptions: {args: []}, appium:chromedriverExecutableDir: /appium/assets/drivers/chro..., appium:chromedriverPorts: [[11001, 11049]], appium:databaseEnabled: false, appium:desired: {adbExecTimeout: 120000, appActivity: com.sustainnovationgroup.ni..., appPackage: com.sustainnovationgroup.ni..., autoAcceptAlerts: true, autoGrantPermissions: true, automationName: UiAutomator2, chromeOptions: {args: []}, chromedriverExecutableDir: /appium/assets/drivers/chro..., chromedriverPorts: [[11001, 11049]], deviceName: Galaxy S24 Ultra, headless: false, mode: cloud, nativeWebScreenshot: true, newCommandTimeout: 0, orientation: PORTRAIT, platformName: android, platformVersion: 14, resetKeyboard: true, systemPort: 12291, udid: R5CX40ZFK8E, uiautomator2ServerLaunchTimeout: 60000, unicodeKeyboard: true, waitForQuiescence: false}, appium:deviceApiLevel: 34, appium:deviceManufacturer: samsung, appium:deviceModel: SM-S928U1, appium:deviceName: R5CX40ZFK8E, appium:deviceScreenDensity: 450, appium:deviceScreenSize: 1080x2316, appium:deviceUDID: R5CX40ZFK8E, appium:headless: false, appium:javascriptEnabled: true, appium:locationContextEnabled: false, appium:mode: cloud, appium:nativeWebScreenshot: true, appium:networkConnectionEnabled: true, appium:newCommandTimeout: 0, appium:orientation: PORTRAIT, appium:pixelRatio: 2.8125, appium:platformVersion: 14, appium:resetKeyboard: true, appium:statBarHeight: 76, appium:systemPort: 12291, appium:takesScreenshot: true, appium:udid: R5CX40ZFK8E, appium:uiautomator2ServerLaunchTimeout: 60000, appium:unicodeKeyboard: true, appium:viewportRect: {height: 2029, left: 0, top: 76, width: 1080}, appium:waitForQuiescence: false, appium:warnings: {}, appium:webStorageEnabled: false, platformName: ANDROID}
Element: [[AppiumDriver:  on ANDROID (fce88f98-8532-45aa-b3a8-9744d4912874)] -> xpath: //android.widget.TextView[@text='Yes']]
Session ID: fce88f98-8532-45aa-b3a8-9744d4912874]]>
            </message>
            <full-stacktrace>
              <![CDATA[org.openqa.selenium.StaleElementReferenceException: The element 'By.xpath: //android.widget.TextView[@text='Yes']' does not exist in DOM anymore
For documentation on this error, please visit: https://selenium.dev/exceptions/#stale_element_reference
Build info: version: '4.6.0', revision: '79f1c02ae20'
System info: os.name: 'Mac OS X', os.arch: 'x86_64', os.version: '15.0', java.version: '17.0.5'
Driver info: io.appium.java_client.AppiumDriver
Command: [fce88f98-8532-45aa-b3a8-9744d4912874, getElementText {id=00000000-0000-140d-ffff-ffff00000169}]
Capabilities {appium:adbExecTimeout: 120000, appium:appActivity: com.sustainnovationgroup.ni..., appium:appPackage: com.sustainnovationgroup.ni..., appium:autoAcceptAlerts: true, appium:autoGrantPermissions: true, appium:automationName: UiAutomator2, appium:chromeOptions: {args: []}, appium:chromedriverExecutableDir: /appium/assets/drivers/chro..., appium:chromedriverPorts: [[11001, 11049]], appium:databaseEnabled: false, appium:desired: {adbExecTimeout: 120000, appActivity: com.sustainnovationgroup.ni..., appPackage: com.sustainnovationgroup.ni..., autoAcceptAlerts: true, autoGrantPermissions: true, automationName: UiAutomator2, chromeOptions: {args: []}, chromedriverExecutableDir: /appium/assets/drivers/chro..., chromedriverPorts: [[11001, 11049]], deviceName: Galaxy S24 Ultra, headless: false, mode: cloud, nativeWebScreenshot: true, newCommandTimeout: 0, orientation: PORTRAIT, platformName: android, platformVersion: 14, resetKeyboard: true, systemPort: 12291, udid: R5CX40ZFK8E, uiautomator2ServerLaunchTimeout: 60000, unicodeKeyboard: true, waitForQuiescence: false}, appium:deviceApiLevel: 34, appium:deviceManufacturer: samsung, appium:deviceModel: SM-S928U1, appium:deviceName: R5CX40ZFK8E, appium:deviceScreenDensity: 450, appium:deviceScreenSize: 1080x2316, appium:deviceUDID: R5CX40ZFK8E, appium:headless: false, appium:javascriptEnabled: true, appium:locationContextEnabled: false, appium:mode: cloud, appium:nativeWebScreenshot: true, appium:networkConnectionEnabled: true, appium:newCommandTimeout: 0, appium:orientation: PORTRAIT, appium:pixelRatio: 2.8125, appium:platformVersion: 14, appium:resetKeyboard: true, appium:statBarHeight: 76, appium:systemPort: 12291, appium:takesScreenshot: true, appium:udid: R5CX40ZFK8E, appium:uiautomator2ServerLaunchTimeout: 60000, appium:unicodeKeyboard: true, appium:viewportRect: {height: 2029, left: 0, top: 76, width: 1080}, appium:waitForQuiescence: false, appium:warnings: {}, appium:webStorageEnabled: false, platformName: ANDROID}
Element: [[AppiumDriver:  on ANDROID (fce88f98-8532-45aa-b3a8-9744d4912874)] -> xpath: //android.widget.TextView[@text='Yes']]
Session ID: fce88f98-8532-45aa-b3a8-9744d4912874
at java.base/jdk.internal.reflect.NativeConstructorAccessorImpl.newInstance0(Native Method)
at java.base/jdk.internal.reflect.NativeConstructorAccessorImpl.newInstance(NativeConstructorAccessorImpl.java:77)
at java.base/jdk.internal.reflect.DelegatingConstructorAccessorImpl.newInstance(DelegatingConstructorAccessorImpl.java:45)
at java.base/java.lang.reflect.Constructor.newInstanceWithCaller(Constructor.java:499)
at java.base/java.lang.reflect.Constructor.newInstance(Constructor.java:480)
at org.openqa.selenium.remote.codec.w3c.W3CHttpResponseCodec.createException(W3CHttpResponseCodec.java:200)
at org.openqa.selenium.remote.codec.w3c.W3CHttpResponseCodec.decode(W3CHttpResponseCodec.java:133)
at org.openqa.selenium.remote.codec.w3c.W3CHttpResponseCodec.decode(W3CHttpResponseCodec.java:53)
at org.openqa.selenium.remote.HttpCommandExecutor.execute(HttpCommandExecutor.java:184)
at io.appium.java_client.remote.AppiumCommandExecutor.execute(AppiumCommandExecutor.java:189)
at org.openqa.selenium.remote.RemoteWebDriver.execute(RemoteWebDriver.java:541)
at org.openqa.selenium.remote.RemoteWebElement.execute(RemoteWebElement.java:257)
at org.openqa.selenium.remote.RemoteWebElement.getText(RemoteWebElement.java:207)
at app.nimbly2.page_objects.LoginPage2.validateMultipleLogin(LoginPage2.java:109)
at app.nimbly2.stepdefinitions.LoginPage_Nimbly2_StepDefinition.validate_multiple_login_popup(LoginPage_Nimbly2_StepDefinition.java:43)
at ✽.validate multiple login popup(file:///Users/user/Desktop/App-Automation/nimbly-automation/src/test/java/app/nimbly2/features/schedules_page_nimbly2.feature:58)
]]>
            </full-stacktrace>
          </exception> <!-- org.openqa.selenium.StaleElementReferenceException -->
          <reporter-output>
          </reporter-output>
        </test-method> <!-- runScenario -->
        <test-method signature="runScenario(io.cucumber.testng.PickleWrapper,io.cucumber.testng.FeatureWrapper)[pri:0, instance:cucumber_options.TestNG_testrunner_app@359df09a]" started-at="2024-10-14T15:02:10 IST" name="runScenario" description="Runs Cucumber Scenarios" data-provider="scenarios" finished-at="2024-10-14T15:03:53 IST" duration-ms="103719" status="FAIL">
          <params>
            <param index="0">
              <value>
                <![CDATA["Validate Adhoc Schedule Audit Process"]]>
              </value>
            </param>
            <param index="1">
              <value>
                <![CDATA["Validate Audit Process For Daily Schedule Type"]]>
              </value>
            </param>
          </params>
          <exception class="org.openqa.selenium.NoSuchElementException">
            <message>
              <![CDATA[An element could not be located on the page using the given search parameters.
For documentation on this error, please visit: https://selenium.dev/exceptions/#no_such_element
Build info: version: '4.6.0', revision: '79f1c02ae20'
System info: os.name: 'Mac OS X', os.arch: 'x86_64', os.version: '15.0', java.version: '17.0.5'
Driver info: io.appium.java_client.AppiumDriver
Command: [e022dfa0-04c5-47b9-92c1-8eb9b2d9ec7b, findElement {using=xpath, value=//android.widget.TextView[@text='SCHEDULES']}]
Capabilities {appium:adbExecTimeout: 120000, appium:appActivity: com.sustainnovationgroup.ni..., appium:appPackage: com.sustainnovationgroup.ni..., appium:autoAcceptAlerts: true, appium:autoGrantPermissions: true, appium:automationName: UiAutomator2, appium:chromeOptions: {args: []}, appium:chromedriverExecutableDir: /appium/assets/drivers/chro..., appium:chromedriverPorts: [[11001, 11049]], appium:databaseEnabled: false, appium:desired: {adbExecTimeout: 120000, appActivity: com.sustainnovationgroup.ni..., appPackage: com.sustainnovationgroup.ni..., autoAcceptAlerts: true, autoGrantPermissions: true, automationName: UiAutomator2, chromeOptions: {args: []}, chromedriverExecutableDir: /appium/assets/drivers/chro..., chromedriverPorts: [[11001, 11049]], deviceName: Galaxy S24 Ultra, headless: false, mode: cloud, nativeWebScreenshot: true, newCommandTimeout: 0, orientation: PORTRAIT, platformName: android, platformVersion: 14, resetKeyboard: true, systemPort: 12065, udid: R5CWC0PL7SW, uiautomator2ServerLaunchTimeout: 60000, unicodeKeyboard: true, waitForQuiescence: false}, appium:deviceApiLevel: 34, appium:deviceManufacturer: samsung, appium:deviceModel: SM-S928U1, appium:deviceName: R5CWC0PL7SW, appium:deviceScreenDensity: 450, appium:deviceScreenSize: 1080x2316, appium:deviceUDID: R5CWC0PL7SW, appium:headless: false, appium:javascriptEnabled: true, appium:locationContextEnabled: false, appium:mode: cloud, appium:nativeWebScreenshot: true, appium:networkConnectionEnabled: true, appium:newCommandTimeout: 0, appium:orientation: PORTRAIT, appium:pixelRatio: 2.8125, appium:platformVersion: 14, appium:resetKeyboard: true, appium:statBarHeight: 76, appium:systemPort: 12065, appium:takesScreenshot: true, appium:udid: R5CWC0PL7SW, appium:uiautomator2ServerLaunchTimeout: 60000, appium:unicodeKeyboard: true, appium:viewportRect: {height: 2029, left: 0, top: 76, width: 1080}, appium:waitForQuiescence: false, appium:warnings: {}, appium:webStorageEnabled: false, platformName: ANDROID}
Session ID: e022dfa0-04c5-47b9-92c1-8eb9b2d9ec7b]]>
            </message>
            <full-stacktrace>
              <![CDATA[org.openqa.selenium.NoSuchElementException: An element could not be located on the page using the given search parameters.
For documentation on this error, please visit: https://selenium.dev/exceptions/#no_such_element
Build info: version: '4.6.0', revision: '79f1c02ae20'
System info: os.name: 'Mac OS X', os.arch: 'x86_64', os.version: '15.0', java.version: '17.0.5'
Driver info: io.appium.java_client.AppiumDriver
Command: [e022dfa0-04c5-47b9-92c1-8eb9b2d9ec7b, findElement {using=xpath, value=//android.widget.TextView[@text='SCHEDULES']}]
Capabilities {appium:adbExecTimeout: 120000, appium:appActivity: com.sustainnovationgroup.ni..., appium:appPackage: com.sustainnovationgroup.ni..., appium:autoAcceptAlerts: true, appium:autoGrantPermissions: true, appium:automationName: UiAutomator2, appium:chromeOptions: {args: []}, appium:chromedriverExecutableDir: /appium/assets/drivers/chro..., appium:chromedriverPorts: [[11001, 11049]], appium:databaseEnabled: false, appium:desired: {adbExecTimeout: 120000, appActivity: com.sustainnovationgroup.ni..., appPackage: com.sustainnovationgroup.ni..., autoAcceptAlerts: true, autoGrantPermissions: true, automationName: UiAutomator2, chromeOptions: {args: []}, chromedriverExecutableDir: /appium/assets/drivers/chro..., chromedriverPorts: [[11001, 11049]], deviceName: Galaxy S24 Ultra, headless: false, mode: cloud, nativeWebScreenshot: true, newCommandTimeout: 0, orientation: PORTRAIT, platformName: android, platformVersion: 14, resetKeyboard: true, systemPort: 12065, udid: R5CWC0PL7SW, uiautomator2ServerLaunchTimeout: 60000, unicodeKeyboard: true, waitForQuiescence: false}, appium:deviceApiLevel: 34, appium:deviceManufacturer: samsung, appium:deviceModel: SM-S928U1, appium:deviceName: R5CWC0PL7SW, appium:deviceScreenDensity: 450, appium:deviceScreenSize: 1080x2316, appium:deviceUDID: R5CWC0PL7SW, appium:headless: false, appium:javascriptEnabled: true, appium:locationContextEnabled: false, appium:mode: cloud, appium:nativeWebScreenshot: true, appium:networkConnectionEnabled: true, appium:newCommandTimeout: 0, appium:orientation: PORTRAIT, appium:pixelRatio: 2.8125, appium:platformVersion: 14, appium:resetKeyboard: true, appium:statBarHeight: 76, appium:systemPort: 12065, appium:takesScreenshot: true, appium:udid: R5CWC0PL7SW, appium:uiautomator2ServerLaunchTimeout: 60000, appium:unicodeKeyboard: true, appium:viewportRect: {height: 2029, left: 0, top: 76, width: 1080}, appium:waitForQuiescence: false, appium:warnings: {}, appium:webStorageEnabled: false, platformName: ANDROID}
Session ID: e022dfa0-04c5-47b9-92c1-8eb9b2d9ec7b
at java.base/jdk.internal.reflect.NativeConstructorAccessorImpl.newInstance0(Native Method)
at java.base/jdk.internal.reflect.NativeConstructorAccessorImpl.newInstance(NativeConstructorAccessorImpl.java:77)
at java.base/jdk.internal.reflect.DelegatingConstructorAccessorImpl.newInstance(DelegatingConstructorAccessorImpl.java:45)
at java.base/java.lang.reflect.Constructor.newInstanceWithCaller(Constructor.java:499)
at java.base/java.lang.reflect.Constructor.newInstance(Constructor.java:480)
at org.openqa.selenium.remote.codec.w3c.W3CHttpResponseCodec.createException(W3CHttpResponseCodec.java:200)
at org.openqa.selenium.remote.codec.w3c.W3CHttpResponseCodec.decode(W3CHttpResponseCodec.java:133)
at org.openqa.selenium.remote.codec.w3c.W3CHttpResponseCodec.decode(W3CHttpResponseCodec.java:53)
at org.openqa.selenium.remote.HttpCommandExecutor.execute(HttpCommandExecutor.java:184)
at io.appium.java_client.remote.AppiumCommandExecutor.execute(AppiumCommandExecutor.java:189)
at org.openqa.selenium.remote.RemoteWebDriver.execute(RemoteWebDriver.java:541)
at org.openqa.selenium.remote.ElementLocation$ElementFinder$2.findElement(ElementLocation.java:162)
at org.openqa.selenium.remote.ElementLocation.findElement(ElementLocation.java:60)
at org.openqa.selenium.remote.RemoteWebDriver.findElement(RemoteWebDriver.java:365)
at org.openqa.selenium.remote.RemoteWebDriver.findElement(RemoteWebDriver.java:357)
at app.nimbly2.page_objects.SchedulesPage2.searchForSchedule(SchedulesPage2.java:62)
at app.nimbly2.stepdefinitions.SchedulesPage_Nimbly2_StepDefinition.serach_for_the_schedule(SchedulesPage_Nimbly2_StepDefinition.java:20)
at ✽.search for the Adhoc_Schedule(file:///Users/user/Desktop/App-Automation/nimbly-automation/src/test/java/app/nimbly2/features/schedules_page_nimbly2.feature:73)
]]>
            </full-stacktrace>
          </exception> <!-- org.openqa.selenium.NoSuchElementException -->
          <reporter-output>
          </reporter-output>
        </test-method> <!-- runScenario -->
        <test-method signature="runScenario(io.cucumber.testng.PickleWrapper,io.cucumber.testng.FeatureWrapper)[pri:0, instance:cucumber_options.TestNG_testrunner_app@359df09a]" started-at="2024-10-14T15:02:10 IST" name="runScenario" description="Runs Cucumber Scenarios" data-provider="scenarios" finished-at="2024-10-14T15:06:37 IST" duration-ms="267593" status="FAIL">
          <params>
            <param index="0">
              <value>
                <![CDATA["Validate Weekly Schedule Audit Process"]]>
              </value>
            </param>
            <param index="1">
              <value>
                <![CDATA["Validate Audit Process For Daily Schedule Type"]]>
              </value>
            </param>
          </params>
          <exception class="org.openqa.selenium.NoSuchElementException">
            <message>
              <![CDATA[An element could not be located on the page using the given search parameters.
For documentation on this error, please visit: https://selenium.dev/exceptions/#no_such_element
Build info: version: '4.6.0', revision: '79f1c02ae20'
System info: os.name: 'Mac OS X', os.arch: 'x86_64', os.version: '15.0', java.version: '17.0.5'
Driver info: io.appium.java_client.AppiumDriver
Command: [3179c266-b37f-438b-9c15-853e46f8f55e, findElement {using=xpath, value=//android.widget.TextView[@text='SCHEDULES']}]
Capabilities {appium:adbExecTimeout: 120000, appium:appActivity: com.sustainnovationgroup.ni..., appium:appPackage: com.sustainnovationgroup.ni..., appium:autoAcceptAlerts: true, appium:autoGrantPermissions: true, appium:automationName: UiAutomator2, appium:chromeOptions: {args: []}, appium:chromedriverExecutableDir: /appium/assets/drivers/chro..., appium:chromedriverPorts: [[11001, 11049]], appium:databaseEnabled: false, appium:desired: {adbExecTimeout: 120000, appActivity: com.sustainnovationgroup.ni..., appPackage: com.sustainnovationgroup.ni..., autoAcceptAlerts: true, autoGrantPermissions: true, automationName: UiAutomator2, chromeOptions: {args: []}, chromedriverExecutableDir: /appium/assets/drivers/chro..., chromedriverPorts: [[11001, 11049]], deviceName: Galaxy S24 Ultra, headless: false, mode: cloud, nativeWebScreenshot: true, newCommandTimeout: 0, orientation: PORTRAIT, platformName: android, platformVersion: 14, resetKeyboard: true, systemPort: 12125, udid: RZCWC0GJXKD, uiautomator2ServerLaunchTimeout: 60000, unicodeKeyboard: true, waitForQuiescence: false}, appium:deviceApiLevel: 34, appium:deviceManufacturer: samsung, appium:deviceModel: SM-S928B, appium:deviceName: RZCWC0GJXKD, appium:deviceScreenDensity: 450, appium:deviceScreenSize: 1080x2316, appium:deviceUDID: RZCWC0GJXKD, appium:headless: false, appium:javascriptEnabled: true, appium:locationContextEnabled: false, appium:mode: cloud, appium:nativeWebScreenshot: true, appium:networkConnectionEnabled: true, appium:newCommandTimeout: 0, appium:orientation: PORTRAIT, appium:pixelRatio: 2.8125, appium:platformVersion: 14, appium:resetKeyboard: true, appium:statBarHeight: 76, appium:systemPort: 12125, appium:takesScreenshot: true, appium:udid: RZCWC0GJXKD, appium:uiautomator2ServerLaunchTimeout: 60000, appium:unicodeKeyboard: true, appium:viewportRect: {height: 2029, left: 0, top: 76, width: 1080}, appium:waitForQuiescence: false, appium:warnings: {}, appium:webStorageEnabled: false, platformName: ANDROID}
Session ID: 3179c266-b37f-438b-9c15-853e46f8f55e]]>
            </message>
            <full-stacktrace>
              <![CDATA[org.openqa.selenium.NoSuchElementException: An element could not be located on the page using the given search parameters.
For documentation on this error, please visit: https://selenium.dev/exceptions/#no_such_element
Build info: version: '4.6.0', revision: '79f1c02ae20'
System info: os.name: 'Mac OS X', os.arch: 'x86_64', os.version: '15.0', java.version: '17.0.5'
Driver info: io.appium.java_client.AppiumDriver
Command: [3179c266-b37f-438b-9c15-853e46f8f55e, findElement {using=xpath, value=//android.widget.TextView[@text='SCHEDULES']}]
Capabilities {appium:adbExecTimeout: 120000, appium:appActivity: com.sustainnovationgroup.ni..., appium:appPackage: com.sustainnovationgroup.ni..., appium:autoAcceptAlerts: true, appium:autoGrantPermissions: true, appium:automationName: UiAutomator2, appium:chromeOptions: {args: []}, appium:chromedriverExecutableDir: /appium/assets/drivers/chro..., appium:chromedriverPorts: [[11001, 11049]], appium:databaseEnabled: false, appium:desired: {adbExecTimeout: 120000, appActivity: com.sustainnovationgroup.ni..., appPackage: com.sustainnovationgroup.ni..., autoAcceptAlerts: true, autoGrantPermissions: true, automationName: UiAutomator2, chromeOptions: {args: []}, chromedriverExecutableDir: /appium/assets/drivers/chro..., chromedriverPorts: [[11001, 11049]], deviceName: Galaxy S24 Ultra, headless: false, mode: cloud, nativeWebScreenshot: true, newCommandTimeout: 0, orientation: PORTRAIT, platformName: android, platformVersion: 14, resetKeyboard: true, systemPort: 12125, udid: RZCWC0GJXKD, uiautomator2ServerLaunchTimeout: 60000, unicodeKeyboard: true, waitForQuiescence: false}, appium:deviceApiLevel: 34, appium:deviceManufacturer: samsung, appium:deviceModel: SM-S928B, appium:deviceName: RZCWC0GJXKD, appium:deviceScreenDensity: 450, appium:deviceScreenSize: 1080x2316, appium:deviceUDID: RZCWC0GJXKD, appium:headless: false, appium:javascriptEnabled: true, appium:locationContextEnabled: false, appium:mode: cloud, appium:nativeWebScreenshot: true, appium:networkConnectionEnabled: true, appium:newCommandTimeout: 0, appium:orientation: PORTRAIT, appium:pixelRatio: 2.8125, appium:platformVersion: 14, appium:resetKeyboard: true, appium:statBarHeight: 76, appium:systemPort: 12125, appium:takesScreenshot: true, appium:udid: RZCWC0GJXKD, appium:uiautomator2ServerLaunchTimeout: 60000, appium:unicodeKeyboard: true, appium:viewportRect: {height: 2029, left: 0, top: 76, width: 1080}, appium:waitForQuiescence: false, appium:warnings: {}, appium:webStorageEnabled: false, platformName: ANDROID}
Session ID: 3179c266-b37f-438b-9c15-853e46f8f55e
at java.base/jdk.internal.reflect.NativeConstructorAccessorImpl.newInstance0(Native Method)
at java.base/jdk.internal.reflect.NativeConstructorAccessorImpl.newInstance(NativeConstructorAccessorImpl.java:77)
at java.base/jdk.internal.reflect.DelegatingConstructorAccessorImpl.newInstance(DelegatingConstructorAccessorImpl.java:45)
at java.base/java.lang.reflect.Constructor.newInstanceWithCaller(Constructor.java:499)
at java.base/java.lang.reflect.Constructor.newInstance(Constructor.java:480)
at org.openqa.selenium.remote.codec.w3c.W3CHttpResponseCodec.createException(W3CHttpResponseCodec.java:200)
at org.openqa.selenium.remote.codec.w3c.W3CHttpResponseCodec.decode(W3CHttpResponseCodec.java:133)
at org.openqa.selenium.remote.codec.w3c.W3CHttpResponseCodec.decode(W3CHttpResponseCodec.java:53)
at org.openqa.selenium.remote.HttpCommandExecutor.execute(HttpCommandExecutor.java:184)
at io.appium.java_client.remote.AppiumCommandExecutor.execute(AppiumCommandExecutor.java:189)
at org.openqa.selenium.remote.RemoteWebDriver.execute(RemoteWebDriver.java:541)
at org.openqa.selenium.remote.ElementLocation$ElementFinder$2.findElement(ElementLocation.java:162)
at org.openqa.selenium.remote.ElementLocation.findElement(ElementLocation.java:60)
at org.openqa.selenium.remote.RemoteWebDriver.findElement(RemoteWebDriver.java:365)
at org.openqa.selenium.remote.RemoteWebDriver.findElement(RemoteWebDriver.java:357)
at app.nimbly2.page_objects.SchedulesPage2.searchForSchedule(SchedulesPage2.java:62)
at app.nimbly2.stepdefinitions.SchedulesPage_Nimbly2_StepDefinition.serach_for_the_schedule(SchedulesPage_Nimbly2_StepDefinition.java:20)
at ✽.search for the Weekly_Schedule(file:///Users/user/Desktop/App-Automation/nimbly-automation/src/test/java/app/nimbly2/features/schedules_page_nimbly2.feature:45)
]]>
            </full-stacktrace>
          </exception> <!-- org.openqa.selenium.NoSuchElementException -->
          <reporter-output>
          </reporter-output>
        </test-method> <!-- runScenario -->
        <test-method signature="runScenario(io.cucumber.testng.PickleWrapper,io.cucumber.testng.FeatureWrapper)[pri:0, instance:cucumber_options.TestNG_testrunner_app@359df09a]" started-at="2024-10-14T15:02:10 IST" name="runScenario" description="Runs Cucumber Scenarios" data-provider="scenarios" finished-at="2024-10-14T15:04:57 IST" duration-ms="167361" status="FAIL">
          <params>
            <param index="0">
              <value>
                <![CDATA["Validate Login Page Functionality"]]>
              </value>
            </param>
            <param index="1">
              <value>
                <![CDATA["Login to Nimbly2 App"]]>
              </value>
            </param>
          </params>
          <exception class="org.openqa.selenium.NoSuchElementException">
            <message>
              <![CDATA[An element could not be located on the page using the given search parameters.
For documentation on this error, please visit: https://selenium.dev/exceptions/#no_such_element
Build info: version: '4.6.0', revision: '79f1c02ae20'
System info: os.name: 'Mac OS X', os.arch: 'x86_64', os.version: '15.0', java.version: '17.0.5'
Driver info: io.appium.java_client.AppiumDriver
Command: [d11e16eb-d49c-43d0-aba8-48188421905a, findElement {using=xpath, value=//android.widget.TextView[@text='Yes']}]
Capabilities {appium:adbExecTimeout: 120000, appium:appActivity: com.sustainnovationgroup.ni..., appium:appPackage: com.sustainnovationgroup.ni..., appium:autoAcceptAlerts: true, appium:autoGrantPermissions: true, appium:automationName: UiAutomator2, appium:chromeOptions: {args: []}, appium:chromedriverExecutableDir: /appium/assets/drivers/chro..., appium:chromedriverPorts: [[11001, 11049]], appium:databaseEnabled: false, appium:desired: {adbExecTimeout: 120000, appActivity: com.sustainnovationgroup.ni..., appPackage: com.sustainnovationgroup.ni..., autoAcceptAlerts: true, autoGrantPermissions: true, automationName: UiAutomator2, chromeOptions: {args: []}, chromedriverExecutableDir: /appium/assets/drivers/chro..., chromedriverPorts: [[11001, 11049]], deviceName: Galaxy S24 Ultra, headless: false, mode: cloud, nativeWebScreenshot: true, newCommandTimeout: 0, orientation: PORTRAIT, platformName: android, platformVersion: 14, resetKeyboard: true, systemPort: 12127, udid: R5CX40ZFGSR, uiautomator2ServerLaunchTimeout: 60000, unicodeKeyboard: true, waitForQuiescence: false}, appium:deviceApiLevel: 34, appium:deviceManufacturer: samsung, appium:deviceModel: SM-S928U1, appium:deviceName: R5CX40ZFGSR, appium:deviceScreenDensity: 450, appium:deviceScreenSize: 1080x2316, appium:deviceUDID: R5CX40ZFGSR, appium:headless: false, appium:javascriptEnabled: true, appium:locationContextEnabled: false, appium:mode: cloud, appium:nativeWebScreenshot: true, appium:networkConnectionEnabled: true, appium:newCommandTimeout: 0, appium:orientation: PORTRAIT, appium:pixelRatio: 2.8125, appium:platformVersion: 14, appium:resetKeyboard: true, appium:statBarHeight: 76, appium:systemPort: 12127, appium:takesScreenshot: true, appium:udid: R5CX40ZFGSR, appium:uiautomator2ServerLaunchTimeout: 60000, appium:unicodeKeyboard: true, appium:viewportRect: {height: 2029, left: 0, top: 76, width: 1080}, appium:waitForQuiescence: false, appium:warnings: {}, appium:webStorageEnabled: false, platformName: ANDROID}
Session ID: d11e16eb-d49c-43d0-aba8-48188421905a]]>
            </message>
            <full-stacktrace>
              <![CDATA[org.openqa.selenium.NoSuchElementException: An element could not be located on the page using the given search parameters.
For documentation on this error, please visit: https://selenium.dev/exceptions/#no_such_element
Build info: version: '4.6.0', revision: '79f1c02ae20'
System info: os.name: 'Mac OS X', os.arch: 'x86_64', os.version: '15.0', java.version: '17.0.5'
Driver info: io.appium.java_client.AppiumDriver
Command: [d11e16eb-d49c-43d0-aba8-48188421905a, findElement {using=xpath, value=//android.widget.TextView[@text='Yes']}]
Capabilities {appium:adbExecTimeout: 120000, appium:appActivity: com.sustainnovationgroup.ni..., appium:appPackage: com.sustainnovationgroup.ni..., appium:autoAcceptAlerts: true, appium:autoGrantPermissions: true, appium:automationName: UiAutomator2, appium:chromeOptions: {args: []}, appium:chromedriverExecutableDir: /appium/assets/drivers/chro..., appium:chromedriverPorts: [[11001, 11049]], appium:databaseEnabled: false, appium:desired: {adbExecTimeout: 120000, appActivity: com.sustainnovationgroup.ni..., appPackage: com.sustainnovationgroup.ni..., autoAcceptAlerts: true, autoGrantPermissions: true, automationName: UiAutomator2, chromeOptions: {args: []}, chromedriverExecutableDir: /appium/assets/drivers/chro..., chromedriverPorts: [[11001, 11049]], deviceName: Galaxy S24 Ultra, headless: false, mode: cloud, nativeWebScreenshot: true, newCommandTimeout: 0, orientation: PORTRAIT, platformName: android, platformVersion: 14, resetKeyboard: true, systemPort: 12127, udid: R5CX40ZFGSR, uiautomator2ServerLaunchTimeout: 60000, unicodeKeyboard: true, waitForQuiescence: false}, appium:deviceApiLevel: 34, appium:deviceManufacturer: samsung, appium:deviceModel: SM-S928U1, appium:deviceName: R5CX40ZFGSR, appium:deviceScreenDensity: 450, appium:deviceScreenSize: 1080x2316, appium:deviceUDID: R5CX40ZFGSR, appium:headless: false, appium:javascriptEnabled: true, appium:locationContextEnabled: false, appium:mode: cloud, appium:nativeWebScreenshot: true, appium:networkConnectionEnabled: true, appium:newCommandTimeout: 0, appium:orientation: PORTRAIT, appium:pixelRatio: 2.8125, appium:platformVersion: 14, appium:resetKeyboard: true, appium:statBarHeight: 76, appium:systemPort: 12127, appium:takesScreenshot: true, appium:udid: R5CX40ZFGSR, appium:uiautomator2ServerLaunchTimeout: 60000, appium:unicodeKeyboard: true, appium:viewportRect: {height: 2029, left: 0, top: 76, width: 1080}, appium:waitForQuiescence: false, appium:warnings: {}, appium:webStorageEnabled: false, platformName: ANDROID}
Session ID: d11e16eb-d49c-43d0-aba8-48188421905a
at java.base/jdk.internal.reflect.NativeConstructorAccessorImpl.newInstance0(Native Method)
at java.base/jdk.internal.reflect.NativeConstructorAccessorImpl.newInstance(NativeConstructorAccessorImpl.java:77)
at java.base/jdk.internal.reflect.DelegatingConstructorAccessorImpl.newInstance(DelegatingConstructorAccessorImpl.java:45)
at java.base/java.lang.reflect.Constructor.newInstanceWithCaller(Constructor.java:499)
at java.base/java.lang.reflect.Constructor.newInstance(Constructor.java:480)
at org.openqa.selenium.remote.codec.w3c.W3CHttpResponseCodec.createException(W3CHttpResponseCodec.java:200)
at org.openqa.selenium.remote.codec.w3c.W3CHttpResponseCodec.decode(W3CHttpResponseCodec.java:133)
at org.openqa.selenium.remote.codec.w3c.W3CHttpResponseCodec.decode(W3CHttpResponseCodec.java:53)
at org.openqa.selenium.remote.HttpCommandExecutor.execute(HttpCommandExecutor.java:184)
at io.appium.java_client.remote.AppiumCommandExecutor.execute(AppiumCommandExecutor.java:189)
at org.openqa.selenium.remote.RemoteWebDriver.execute(RemoteWebDriver.java:541)
at org.openqa.selenium.remote.ElementLocation$ElementFinder$2.findElement(ElementLocation.java:162)
at org.openqa.selenium.remote.ElementLocation.findElement(ElementLocation.java:60)
at org.openqa.selenium.remote.RemoteWebDriver.findElement(RemoteWebDriver.java:365)
at org.openqa.selenium.remote.RemoteWebDriver.findElement(RemoteWebDriver.java:357)
at app.nimbly2.page_objects.LoginPage2.logout(LoginPage2.java:127)
at app.nimbly2.stepdefinitions.LoginPage_Nimbly2_StepDefinition.logout_from_nimbly2(LoginPage_Nimbly2_StepDefinition.java:48)
at ✽.logout from nimbly2(file:///Users/user/Desktop/App-Automation/nimbly-automation/src/test/java/app/nimbly2/features/login_page_nimbly2.feature:10)
]]>
            </full-stacktrace>
          </exception> <!-- org.openqa.selenium.NoSuchElementException -->
          <reporter-output>
          </reporter-output>
        </test-method> <!-- runScenario -->
        <test-method signature="runScenario(io.cucumber.testng.PickleWrapper,io.cucumber.testng.FeatureWrapper)[pri:0, instance:cucumber_options.TestNG_testrunner_app@359df09a]" started-at="2024-10-14T15:02:10 IST" name="runScenario" description="Runs Cucumber Scenarios" data-provider="scenarios" finished-at="2024-10-14T15:07:27 IST" duration-ms="317529" status="FAIL">
          <params>
            <param index="0">
              <value>
                <![CDATA["Validate Daily Schedule Audit Process"]]>
              </value>
            </param>
            <param index="1">
              <value>
                <![CDATA["Validate Audit Process For Daily Schedule Type"]]>
              </value>
            </param>
          </params>
          <exception class="org.openqa.selenium.NoSuchElementException">
            <message>
              <![CDATA[An element could not be located on the page using the given search parameters.
For documentation on this error, please visit: https://selenium.dev/exceptions/#no_such_element
Build info: version: '4.6.0', revision: '79f1c02ae20'
System info: os.name: 'Mac OS X', os.arch: 'x86_64', os.version: '15.0', java.version: '17.0.5'
Driver info: io.appium.java_client.AppiumDriver
Command: [f236d109-75a5-40ab-bcbc-97f1433711b7, findElement {using=xpath, value=//android.widget.TextView[@text='SCHEDULES']}]
Capabilities {appium:adbExecTimeout: 120000, appium:appActivity: com.sustainnovationgroup.ni..., appium:appPackage: com.sustainnovationgroup.ni..., appium:autoAcceptAlerts: true, appium:autoGrantPermissions: true, appium:automationName: UiAutomator2, appium:chromeOptions: {args: []}, appium:chromedriverExecutableDir: /appium/assets/drivers/chro..., appium:chromedriverPorts: [[11001, 11049]], appium:databaseEnabled: false, appium:desired: {adbExecTimeout: 120000, appActivity: com.sustainnovationgroup.ni..., appPackage: com.sustainnovationgroup.ni..., autoAcceptAlerts: true, autoGrantPermissions: true, automationName: UiAutomator2, chromeOptions: {args: []}, chromedriverExecutableDir: /appium/assets/drivers/chro..., chromedriverPorts: [[11001, 11049]], deviceName: Galaxy S24 Ultra, headless: false, mode: cloud, nativeWebScreenshot: true, newCommandTimeout: 0, orientation: PORTRAIT, platformName: android, platformVersion: 14, resetKeyboard: true, systemPort: 12353, udid: RZCX103T45P, uiautomator2ServerLaunchTimeout: 60000, unicodeKeyboard: true, waitForQuiescence: false}, appium:deviceApiLevel: 34, appium:deviceManufacturer: samsung, appium:deviceModel: SM-S928B, appium:deviceName: RZCX103T45P, appium:deviceScreenDensity: 450, appium:deviceScreenSize: 1080x2316, appium:deviceUDID: RZCX103T45P, appium:headless: false, appium:javascriptEnabled: true, appium:locationContextEnabled: false, appium:mode: cloud, appium:nativeWebScreenshot: true, appium:networkConnectionEnabled: true, appium:newCommandTimeout: 0, appium:orientation: PORTRAIT, appium:pixelRatio: 2.8125, appium:platformVersion: 14, appium:resetKeyboard: true, appium:statBarHeight: 76, appium:systemPort: 12353, appium:takesScreenshot: true, appium:udid: RZCX103T45P, appium:uiautomator2ServerLaunchTimeout: 60000, appium:unicodeKeyboard: true, appium:viewportRect: {height: 2029, left: 0, top: 76, width: 1080}, appium:waitForQuiescence: false, appium:warnings: {}, appium:webStorageEnabled: false, platformName: ANDROID}
Session ID: f236d109-75a5-40ab-bcbc-97f1433711b7]]>
            </message>
            <full-stacktrace>
              <![CDATA[org.openqa.selenium.NoSuchElementException: An element could not be located on the page using the given search parameters.
For documentation on this error, please visit: https://selenium.dev/exceptions/#no_such_element
Build info: version: '4.6.0', revision: '79f1c02ae20'
System info: os.name: 'Mac OS X', os.arch: 'x86_64', os.version: '15.0', java.version: '17.0.5'
Driver info: io.appium.java_client.AppiumDriver
Command: [f236d109-75a5-40ab-bcbc-97f1433711b7, findElement {using=xpath, value=//android.widget.TextView[@text='SCHEDULES']}]
Capabilities {appium:adbExecTimeout: 120000, appium:appActivity: com.sustainnovationgroup.ni..., appium:appPackage: com.sustainnovationgroup.ni..., appium:autoAcceptAlerts: true, appium:autoGrantPermissions: true, appium:automationName: UiAutomator2, appium:chromeOptions: {args: []}, appium:chromedriverExecutableDir: /appium/assets/drivers/chro..., appium:chromedriverPorts: [[11001, 11049]], appium:databaseEnabled: false, appium:desired: {adbExecTimeout: 120000, appActivity: com.sustainnovationgroup.ni..., appPackage: com.sustainnovationgroup.ni..., autoAcceptAlerts: true, autoGrantPermissions: true, automationName: UiAutomator2, chromeOptions: {args: []}, chromedriverExecutableDir: /appium/assets/drivers/chro..., chromedriverPorts: [[11001, 11049]], deviceName: Galaxy S24 Ultra, headless: false, mode: cloud, nativeWebScreenshot: true, newCommandTimeout: 0, orientation: PORTRAIT, platformName: android, platformVersion: 14, resetKeyboard: true, systemPort: 12353, udid: RZCX103T45P, uiautomator2ServerLaunchTimeout: 60000, unicodeKeyboard: true, waitForQuiescence: false}, appium:deviceApiLevel: 34, appium:deviceManufacturer: samsung, appium:deviceModel: SM-S928B, appium:deviceName: RZCX103T45P, appium:deviceScreenDensity: 450, appium:deviceScreenSize: 1080x2316, appium:deviceUDID: RZCX103T45P, appium:headless: false, appium:javascriptEnabled: true, appium:locationContextEnabled: false, appium:mode: cloud, appium:nativeWebScreenshot: true, appium:networkConnectionEnabled: true, appium:newCommandTimeout: 0, appium:orientation: PORTRAIT, appium:pixelRatio: 2.8125, appium:platformVersion: 14, appium:resetKeyboard: true, appium:statBarHeight: 76, appium:systemPort: 12353, appium:takesScreenshot: true, appium:udid: RZCX103T45P, appium:uiautomator2ServerLaunchTimeout: 60000, appium:unicodeKeyboard: true, appium:viewportRect: {height: 2029, left: 0, top: 76, width: 1080}, appium:waitForQuiescence: false, appium:warnings: {}, appium:webStorageEnabled: false, platformName: ANDROID}
Session ID: f236d109-75a5-40ab-bcbc-97f1433711b7
at java.base/jdk.internal.reflect.NativeConstructorAccessorImpl.newInstance0(Native Method)
at java.base/jdk.internal.reflect.NativeConstructorAccessorImpl.newInstance(NativeConstructorAccessorImpl.java:77)
at java.base/jdk.internal.reflect.DelegatingConstructorAccessorImpl.newInstance(DelegatingConstructorAccessorImpl.java:45)
at java.base/java.lang.reflect.Constructor.newInstanceWithCaller(Constructor.java:499)
at java.base/java.lang.reflect.Constructor.newInstance(Constructor.java:480)
at org.openqa.selenium.remote.codec.w3c.W3CHttpResponseCodec.createException(W3CHttpResponseCodec.java:200)
at org.openqa.selenium.remote.codec.w3c.W3CHttpResponseCodec.decode(W3CHttpResponseCodec.java:133)
at org.openqa.selenium.remote.codec.w3c.W3CHttpResponseCodec.decode(W3CHttpResponseCodec.java:53)
at org.openqa.selenium.remote.HttpCommandExecutor.execute(HttpCommandExecutor.java:184)
at io.appium.java_client.remote.AppiumCommandExecutor.execute(AppiumCommandExecutor.java:189)
at org.openqa.selenium.remote.RemoteWebDriver.execute(RemoteWebDriver.java:541)
at org.openqa.selenium.remote.ElementLocation$ElementFinder$2.findElement(ElementLocation.java:162)
at org.openqa.selenium.remote.ElementLocation.findElement(ElementLocation.java:60)
at org.openqa.selenium.remote.RemoteWebDriver.findElement(RemoteWebDriver.java:365)
at org.openqa.selenium.remote.RemoteWebDriver.findElement(RemoteWebDriver.java:357)
at app.nimbly2.page_objects.SchedulesPage2.searchForSchedule(SchedulesPage2.java:62)
at app.nimbly2.stepdefinitions.SchedulesPage_Nimbly2_StepDefinition.serach_for_the_schedule(SchedulesPage_Nimbly2_StepDefinition.java:20)
at ✽.search for the Daily_Schedule(file:///Users/user/Desktop/App-Automation/nimbly-automation/src/test/java/app/nimbly2/features/schedules_page_nimbly2.feature:8)
]]>
            </full-stacktrace>
          </exception> <!-- org.openqa.selenium.NoSuchElementException -->
          <reporter-output>
          </reporter-output>
        </test-method> <!-- runScenario -->
        <test-method signature="runScenario(io.cucumber.testng.PickleWrapper,io.cucumber.testng.FeatureWrapper)[pri:0, instance:cucumber_options.TestNG_testrunner_app@359df09a]" started-at="2024-10-14T15:02:10 IST" name="runScenario" description="Runs Cucumber Scenarios" data-provider="scenarios" finished-at="2024-10-14T15:05:52 IST" duration-ms="222084" status="FAIL">
          <params>
            <param index="0">
              <value>
                <![CDATA["Validate Offline Scheduling Audit Process"]]>
              </value>
            </param>
            <param index="1">
              <value>
                <![CDATA["Validate Audit Process For Daily Schedule Type"]]>
              </value>
            </param>
          </params>
          <exception class="org.openqa.selenium.NoSuchElementException">
            <message>
              <![CDATA[An element could not be located on the page using the given search parameters.
For documentation on this error, please visit: https://selenium.dev/exceptions/#no_such_element
Build info: version: '4.6.0', revision: '79f1c02ae20'
System info: os.name: 'Mac OS X', os.arch: 'x86_64', os.version: '15.0', java.version: '17.0.5'
Driver info: io.appium.java_client.AppiumDriver
Command: [7c11cf80-0371-4260-a9fe-20f57cc7b81f, findElement {using=xpath, value=//android.widget.TextView[@text='Settings']}]
Capabilities {appium:adbExecTimeout: 120000, appium:appActivity: com.sustainnovationgroup.ni..., appium:appPackage: com.sustainnovationgroup.ni..., appium:autoAcceptAlerts: true, appium:autoGrantPermissions: true, appium:automationName: UiAutomator2, appium:chromeOptions: {args: []}, appium:chromedriverExecutableDir: /appium/assets/drivers/chro..., appium:chromedriverPorts: [[11001, 11049]], appium:databaseEnabled: false, appium:desired: {adbExecTimeout: 120000, appActivity: com.sustainnovationgroup.ni..., appPackage: com.sustainnovationgroup.ni..., autoAcceptAlerts: true, autoGrantPermissions: true, automationName: UiAutomator2, chromeOptions: {args: []}, chromedriverExecutableDir: /appium/assets/drivers/chro..., chromedriverPorts: [[11001, 11049]], deviceName: Galaxy S24 Ultra, headless: false, mode: cloud, nativeWebScreenshot: true, newCommandTimeout: 0, orientation: PORTRAIT, platformName: android, platformVersion: 14, resetKeyboard: true, systemPort: 12338, udid: R5CX11PCB8J, uiautomator2ServerLaunchTimeout: 60000, unicodeKeyboard: true, waitForQuiescence: false}, appium:deviceApiLevel: 34, appium:deviceManufacturer: samsung, appium:deviceModel: SM-S928B, appium:deviceName: R5CX11PCB8J, appium:deviceScreenDensity: 450, appium:deviceScreenSize: 1080x2316, appium:deviceUDID: R5CX11PCB8J, appium:headless: false, appium:javascriptEnabled: true, appium:locationContextEnabled: false, appium:mode: cloud, appium:nativeWebScreenshot: true, appium:networkConnectionEnabled: true, appium:newCommandTimeout: 0, appium:orientation: PORTRAIT, appium:pixelRatio: 2.8125, appium:platformVersion: 14, appium:resetKeyboard: true, appium:statBarHeight: 76, appium:systemPort: 12338, appium:takesScreenshot: true, appium:udid: R5CX11PCB8J, appium:uiautomator2ServerLaunchTimeout: 60000, appium:unicodeKeyboard: true, appium:viewportRect: {height: 2029, left: 0, top: 76, width: 1080}, appium:waitForQuiescence: false, appium:warnings: {}, appium:webStorageEnabled: false, platformName: ANDROID}
Session ID: 7c11cf80-0371-4260-a9fe-20f57cc7b81f]]>
            </message>
            <full-stacktrace>
              <![CDATA[org.openqa.selenium.NoSuchElementException: An element could not be located on the page using the given search parameters.
For documentation on this error, please visit: https://selenium.dev/exceptions/#no_such_element
Build info: version: '4.6.0', revision: '79f1c02ae20'
System info: os.name: 'Mac OS X', os.arch: 'x86_64', os.version: '15.0', java.version: '17.0.5'
Driver info: io.appium.java_client.AppiumDriver
Command: [7c11cf80-0371-4260-a9fe-20f57cc7b81f, findElement {using=xpath, value=//android.widget.TextView[@text='Settings']}]
Capabilities {appium:adbExecTimeout: 120000, appium:appActivity: com.sustainnovationgroup.ni..., appium:appPackage: com.sustainnovationgroup.ni..., appium:autoAcceptAlerts: true, appium:autoGrantPermissions: true, appium:automationName: UiAutomator2, appium:chromeOptions: {args: []}, appium:chromedriverExecutableDir: /appium/assets/drivers/chro..., appium:chromedriverPorts: [[11001, 11049]], appium:databaseEnabled: false, appium:desired: {adbExecTimeout: 120000, appActivity: com.sustainnovationgroup.ni..., appPackage: com.sustainnovationgroup.ni..., autoAcceptAlerts: true, autoGrantPermissions: true, automationName: UiAutomator2, chromeOptions: {args: []}, chromedriverExecutableDir: /appium/assets/drivers/chro..., chromedriverPorts: [[11001, 11049]], deviceName: Galaxy S24 Ultra, headless: false, mode: cloud, nativeWebScreenshot: true, newCommandTimeout: 0, orientation: PORTRAIT, platformName: android, platformVersion: 14, resetKeyboard: true, systemPort: 12338, udid: R5CX11PCB8J, uiautomator2ServerLaunchTimeout: 60000, unicodeKeyboard: true, waitForQuiescence: false}, appium:deviceApiLevel: 34, appium:deviceManufacturer: samsung, appium:deviceModel: SM-S928B, appium:deviceName: R5CX11PCB8J, appium:deviceScreenDensity: 450, appium:deviceScreenSize: 1080x2316, appium:deviceUDID: R5CX11PCB8J, appium:headless: false, appium:javascriptEnabled: true, appium:locationContextEnabled: false, appium:mode: cloud, appium:nativeWebScreenshot: true, appium:networkConnectionEnabled: true, appium:newCommandTimeout: 0, appium:orientation: PORTRAIT, appium:pixelRatio: 2.8125, appium:platformVersion: 14, appium:resetKeyboard: true, appium:statBarHeight: 76, appium:systemPort: 12338, appium:takesScreenshot: true, appium:udid: R5CX11PCB8J, appium:uiautomator2ServerLaunchTimeout: 60000, appium:unicodeKeyboard: true, appium:viewportRect: {height: 2029, left: 0, top: 76, width: 1080}, appium:waitForQuiescence: false, appium:warnings: {}, appium:webStorageEnabled: false, platformName: ANDROID}
Session ID: 7c11cf80-0371-4260-a9fe-20f57cc7b81f
at java.base/jdk.internal.reflect.NativeConstructorAccessorImpl.newInstance0(Native Method)
at java.base/jdk.internal.reflect.NativeConstructorAccessorImpl.newInstance(NativeConstructorAccessorImpl.java:77)
at java.base/jdk.internal.reflect.DelegatingConstructorAccessorImpl.newInstance(DelegatingConstructorAccessorImpl.java:45)
at java.base/java.lang.reflect.Constructor.newInstanceWithCaller(Constructor.java:499)
at java.base/java.lang.reflect.Constructor.newInstance(Constructor.java:480)
at org.openqa.selenium.remote.codec.w3c.W3CHttpResponseCodec.createException(W3CHttpResponseCodec.java:200)
at org.openqa.selenium.remote.codec.w3c.W3CHttpResponseCodec.decode(W3CHttpResponseCodec.java:133)
at org.openqa.selenium.remote.codec.w3c.W3CHttpResponseCodec.decode(W3CHttpResponseCodec.java:53)
at org.openqa.selenium.remote.HttpCommandExecutor.execute(HttpCommandExecutor.java:184)
at io.appium.java_client.remote.AppiumCommandExecutor.execute(AppiumCommandExecutor.java:189)
at org.openqa.selenium.remote.RemoteWebDriver.execute(RemoteWebDriver.java:541)
at org.openqa.selenium.remote.ElementLocation$ElementFinder$2.findElement(ElementLocation.java:162)
at org.openqa.selenium.remote.ElementLocation.findElement(ElementLocation.java:60)
at org.openqa.selenium.remote.RemoteWebDriver.findElement(RemoteWebDriver.java:365)
at org.openqa.selenium.remote.RemoteWebDriver.findElement(RemoteWebDriver.java:357)
at app.nimbly2.page_objects.SchedulesPage2.switchToOfflineMode(SchedulesPage2.java:1091)
at app.nimbly2.stepdefinitions.SchedulesPage_Nimbly2_StepDefinition.switch_to_offline_mode(SchedulesPage_Nimbly2_StepDefinition.java:57)
at ✽.switch to offline mode(file:///Users/user/Desktop/App-Automation/nimbly-automation/src/test/java/app/nimbly2/features/schedules_page_nimbly2.feature:22)
]]>
            </full-stacktrace>
          </exception> <!-- org.openqa.selenium.NoSuchElementException -->
          <reporter-output>
          </reporter-output>
        </test-method> <!-- runScenario -->
        <test-method is-config="true" signature="tearDownClass()[pri:0, instance:cucumber_options.TestNG_testrunner_app@359df09a]" started-at="2024-10-14T15:07:27 IST" name="tearDownClass" finished-at="2024-10-14T15:07:28 IST" duration-ms="723" status="PASS">
          <reporter-output>
          </reporter-output>
        </test-method> <!-- tearDownClass -->
      </class> <!-- cucumber_options.TestNG_testrunner_app -->
    </test> <!-- Default test -->
  </suite> <!-- Default suite -->
</testng-results>
