<?xml version="1.0" encoding="UTF-8"?>
<!-- Generated by org.testng.reporters.JUnitReportReporter -->
<testsuite hostname="Users-MacBook-Air.local" failures="0" tests="3" name="cucumber_options.TestNG_testrunner_app" time="859.925" errors="2" timestamp="2024-09-20T19:29:37 IST" skipped="0">
  <testcase classname="cucumber_options.TestNG_testrunner_app" name="runScenario" time="449.270">
    <error message="An element could not be located on the page using the given search parameters.
For documentation on this error, please visit: https://selenium.dev/exceptions/#no_such_element
Build info: version: &#039;4.6.0&#039;, revision: &#039;79f1c02ae20&#039;
System info: os.name: &#039;Mac OS X&#039;, os.arch: &#039;aarch64&#039;, os.version: &#039;14.3.1&#039;, java.version: &#039;19.0.2&#039;
Driver info: io.appium.java_client.AppiumDriver
Command: [66d1db89-d7b9-4868-9d64-54813ce22390, findElement {using=xpath, value=(//android.widget.TextView)[4]}]
Capabilities {appium:adbExecTimeout: 120000, appium:appActivity: com.sustainnovationgroup.sh..., appium:appPackage: com.sustainnovationgroup.sh..., appium:autoAcceptAlerts: true, appium:autoGrantPermissions: true, appium:automationName: uiautomator2, appium:chromeOptions: {args: []}, appium:chromedriverExecutableDir: /appium/assets/drivers/chro..., appium:chromedriverPorts: [[11001, 11049]], appium:databaseEnabled: false, appium:desired: {adbExecTimeout: 120000, appActivity: com.sustainnovationgroup.sh..., appPackage: com.sustainnovationgroup.sh..., autoAcceptAlerts: true, autoGrantPermissions: true, automationName: uiautomator2, chromeOptions: {args: []}, chromedriverExecutableDir: /appium/assets/drivers/chro..., chromedriverPorts: [[11001, 11049]], deviceName: Galaxy S23, headless: false, mode: cloud, nativeWebScreenshot: true, newCommandTimeout: 0, orientation: PORTRAIT, platformName: android, platformVersion: 13, resetKeyboard: true, systemPort: 12291, udid: RZCW12H8JGW, uiautomator2ServerLaunchTimeout: 60000, unicodeKeyboard: true, waitForQuiescence: false}, appium:deviceApiLevel: 33, appium:deviceManufacturer: samsung, appium:deviceModel: SM-S911B, appium:deviceName: RZCW12H8JGW, appium:deviceScreenDensity: 480, appium:deviceScreenSize: 1080x2340, appium:deviceUDID: RZCW12H8JGW, appium:headless: false, appium:javascriptEnabled: true, appium:locationContextEnabled: false, appium:mode: cloud, appium:nativeWebScreenshot: true, appium:networkConnectionEnabled: true, appium:newCommandTimeout: 0, appium:orientation: PORTRAIT, appium:pixelRatio: 3, appium:platformVersion: 13, appium:resetKeyboard: true, appium:statBarHeight: 81, appium:systemPort: 12291, appium:takesScreenshot: true, appium:udid: RZCW12H8JGW, appium:uiautomator2ServerLaunchTimeout: 60000, appium:unicodeKeyboard: true, appium:viewportRect: {height: 2034, left: 0, top: 81, width: 1080}, appium:waitForQuiescence: false, appium:warnings: {}, appium:webStorageEnabled: false, platformName: ANDROID}
Session ID: 66d1db89-d7b9-4868-9d64-54813ce22390" type="org.openqa.selenium.NoSuchElementException">
      <![CDATA[org.openqa.selenium.NoSuchElementException: An element could not be located on the page using the given search parameters.
For documentation on this error, please visit: https://selenium.dev/exceptions/#no_such_element
Build info: version: '4.6.0', revision: '79f1c02ae20'
System info: os.name: 'Mac OS X', os.arch: 'aarch64', os.version: '14.3.1', java.version: '19.0.2'
Driver info: io.appium.java_client.AppiumDriver
Command: [66d1db89-d7b9-4868-9d64-54813ce22390, findElement {using=xpath, value=(//android.widget.TextView)[4]}]
Capabilities {appium:adbExecTimeout: 120000, appium:appActivity: com.sustainnovationgroup.sh..., appium:appPackage: com.sustainnovationgroup.sh..., appium:autoAcceptAlerts: true, appium:autoGrantPermissions: true, appium:automationName: uiautomator2, appium:chromeOptions: {args: []}, appium:chromedriverExecutableDir: /appium/assets/drivers/chro..., appium:chromedriverPorts: [[11001, 11049]], appium:databaseEnabled: false, appium:desired: {adbExecTimeout: 120000, appActivity: com.sustainnovationgroup.sh..., appPackage: com.sustainnovationgroup.sh..., autoAcceptAlerts: true, autoGrantPermissions: true, automationName: uiautomator2, chromeOptions: {args: []}, chromedriverExecutableDir: /appium/assets/drivers/chro..., chromedriverPorts: [[11001, 11049]], deviceName: Galaxy S23, headless: false, mode: cloud, nativeWebScreenshot: true, newCommandTimeout: 0, orientation: PORTRAIT, platformName: android, platformVersion: 13, resetKeyboard: true, systemPort: 12291, udid: RZCW12H8JGW, uiautomator2ServerLaunchTimeout: 60000, unicodeKeyboard: true, waitForQuiescence: false}, appium:deviceApiLevel: 33, appium:deviceManufacturer: samsung, appium:deviceModel: SM-S911B, appium:deviceName: RZCW12H8JGW, appium:deviceScreenDensity: 480, appium:deviceScreenSize: 1080x2340, appium:deviceUDID: RZCW12H8JGW, appium:headless: false, appium:javascriptEnabled: true, appium:locationContextEnabled: false, appium:mode: cloud, appium:nativeWebScreenshot: true, appium:networkConnectionEnabled: true, appium:newCommandTimeout: 0, appium:orientation: PORTRAIT, appium:pixelRatio: 3, appium:platformVersion: 13, appium:resetKeyboard: true, appium:statBarHeight: 81, appium:systemPort: 12291, appium:takesScreenshot: true, appium:udid: RZCW12H8JGW, appium:uiautomator2ServerLaunchTimeout: 60000, appium:unicodeKeyboard: true, appium:viewportRect: {height: 2034, left: 0, top: 81, width: 1080}, appium:waitForQuiescence: false, appium:warnings: {}, appium:webStorageEnabled: false, platformName: ANDROID}
Session ID: 66d1db89-d7b9-4868-9d64-54813ce22390
at java.base/jdk.internal.reflect.DirectConstructorHandleAccessor.newInstance(DirectConstructorHandleAccessor.java:67)
at java.base/java.lang.reflect.Constructor.newInstanceWithCaller(Constructor.java:500)
at java.base/java.lang.reflect.Constructor.newInstance(Constructor.java:484)
at org.openqa.selenium.remote.codec.w3c.W3CHttpResponseCodec.createException(W3CHttpResponseCodec.java:200)
at org.openqa.selenium.remote.codec.w3c.W3CHttpResponseCodec.decode(W3CHttpResponseCodec.java:133)
at org.openqa.selenium.remote.codec.w3c.W3CHttpResponseCodec.decode(W3CHttpResponseCodec.java:53)
at org.openqa.selenium.remote.HttpCommandExecutor.execute(HttpCommandExecutor.java:184)
at io.appium.java_client.remote.AppiumCommandExecutor.execute(AppiumCommandExecutor.java:189)
at org.openqa.selenium.remote.RemoteWebDriver.execute(RemoteWebDriver.java:541)
at org.openqa.selenium.remote.ElementLocation$ElementFinder$2.findElement(ElementLocation.java:162)
at org.openqa.selenium.remote.ElementLocation.findElement(ElementLocation.java:60)
at org.openqa.selenium.remote.RemoteWebDriver.findElement(RemoteWebDriver.java:365)
at org.openqa.selenium.remote.RemoteWebDriver.findElement(RemoteWebDriver.java:357)
at app.app_page_objects.IssueTracker_PageObjects.IssueTrackerPage.select_assigned_department(IssueTrackerPage.java:141)
at app.app_page_objects.IssueTracker_PageObjects.IssueTrackerPage.add_all_the_required_fields_in_add_issue(IssueTrackerPage.java:178)
at app.app_stepdefinitions.IssueTracker_StepDefinitions.IssueTrackerPage_StepDefinitions.add_all_the_required_fields(IssueTrackerPage_StepDefinitions.java:36)
at ✽.Add all the required fields(file:///Users/user/Desktop/nimbly-automation-009/src/test/java/app/app_features/Issue_Tracker.feature:21)
]]>
    </error>
  </testcase> <!-- runScenario -->
  <system-out/>
  <testcase classname="cucumber_options.TestNG_testrunner_app" name="runScenario" time="310.632"/>
  <system-out/>
  <testcase classname="cucumber_options.TestNG_testrunner_app" name="runScenario" time="100.023">
    <error message="An element could not be located on the page using the given search parameters.
For documentation on this error, please visit: https://selenium.dev/exceptions/#no_such_element
Build info: version: &#039;4.6.0&#039;, revision: &#039;79f1c02ae20&#039;
System info: os.name: &#039;Mac OS X&#039;, os.arch: &#039;aarch64&#039;, os.version: &#039;14.3.1&#039;, java.version: &#039;19.0.2&#039;
Driver info: io.appium.java_client.AppiumDriver
Command: [5a5d86f8-3ff2-46bb-a695-f72a2a35ce28, findElement {using=xpath, value=(//android.widget.TextView)[@text=&#039;Schedule&#039;]}]
Capabilities {appium:adbExecTimeout: 120000, appium:appActivity: com.sustainnovationgroup.sh..., appium:appPackage: com.sustainnovationgroup.sh..., appium:autoAcceptAlerts: true, appium:autoGrantPermissions: true, appium:automationName: uiautomator2, appium:chromeOptions: {args: []}, appium:chromedriverExecutableDir: /appium/assets/drivers/chro..., appium:chromedriverPorts: [[11001, 11049]], appium:databaseEnabled: false, appium:desired: {adbExecTimeout: 120000, appActivity: com.sustainnovationgroup.sh..., appPackage: com.sustainnovationgroup.sh..., autoAcceptAlerts: true, autoGrantPermissions: true, automationName: uiautomator2, chromeOptions: {args: []}, chromedriverExecutableDir: /appium/assets/drivers/chro..., chromedriverPorts: [[11001, 11049]], deviceName: Galaxy S23+, headless: false, mode: cloud, nativeWebScreenshot: true, newCommandTimeout: 0, orientation: PORTRAIT, platformName: android, platformVersion: 13, resetKeyboard: true, systemPort: 12057, udid: RZCW20S8PLY, uiautomator2ServerLaunchTimeout: 60000, unicodeKeyboard: true, waitForQuiescence: false}, appium:deviceApiLevel: 33, appium:deviceManufacturer: samsung, appium:deviceModel: SM-S916B, appium:deviceName: RZCW20S8PLY, appium:deviceScreenDensity: 480, appium:deviceScreenSize: 1080x2340, appium:deviceUDID: RZCW20S8PLY, appium:headless: false, appium:javascriptEnabled: true, appium:locationContextEnabled: false, appium:mode: cloud, appium:nativeWebScreenshot: true, appium:networkConnectionEnabled: true, appium:newCommandTimeout: 0, appium:orientation: PORTRAIT, appium:pixelRatio: 3, appium:platformVersion: 13, appium:resetKeyboard: true, appium:statBarHeight: 74, appium:systemPort: 12057, appium:takesScreenshot: true, appium:udid: RZCW20S8PLY, appium:uiautomator2ServerLaunchTimeout: 60000, appium:unicodeKeyboard: true, appium:viewportRect: {height: 2048, left: 0, top: 74, width: 1080}, appium:waitForQuiescence: false, appium:warnings: {}, appium:webStorageEnabled: false, platformName: ANDROID}
Session ID: 5a5d86f8-3ff2-46bb-a695-f72a2a35ce28" type="org.openqa.selenium.NoSuchElementException">
      <![CDATA[org.openqa.selenium.NoSuchElementException: An element could not be located on the page using the given search parameters.
For documentation on this error, please visit: https://selenium.dev/exceptions/#no_such_element
Build info: version: '4.6.0', revision: '79f1c02ae20'
System info: os.name: 'Mac OS X', os.arch: 'aarch64', os.version: '14.3.1', java.version: '19.0.2'
Driver info: io.appium.java_client.AppiumDriver
Command: [5a5d86f8-3ff2-46bb-a695-f72a2a35ce28, findElement {using=xpath, value=(//android.widget.TextView)[@text='Schedule']}]
Capabilities {appium:adbExecTimeout: 120000, appium:appActivity: com.sustainnovationgroup.sh..., appium:appPackage: com.sustainnovationgroup.sh..., appium:autoAcceptAlerts: true, appium:autoGrantPermissions: true, appium:automationName: uiautomator2, appium:chromeOptions: {args: []}, appium:chromedriverExecutableDir: /appium/assets/drivers/chro..., appium:chromedriverPorts: [[11001, 11049]], appium:databaseEnabled: false, appium:desired: {adbExecTimeout: 120000, appActivity: com.sustainnovationgroup.sh..., appPackage: com.sustainnovationgroup.sh..., autoAcceptAlerts: true, autoGrantPermissions: true, automationName: uiautomator2, chromeOptions: {args: []}, chromedriverExecutableDir: /appium/assets/drivers/chro..., chromedriverPorts: [[11001, 11049]], deviceName: Galaxy S23+, headless: false, mode: cloud, nativeWebScreenshot: true, newCommandTimeout: 0, orientation: PORTRAIT, platformName: android, platformVersion: 13, resetKeyboard: true, systemPort: 12057, udid: RZCW20S8PLY, uiautomator2ServerLaunchTimeout: 60000, unicodeKeyboard: true, waitForQuiescence: false}, appium:deviceApiLevel: 33, appium:deviceManufacturer: samsung, appium:deviceModel: SM-S916B, appium:deviceName: RZCW20S8PLY, appium:deviceScreenDensity: 480, appium:deviceScreenSize: 1080x2340, appium:deviceUDID: RZCW20S8PLY, appium:headless: false, appium:javascriptEnabled: true, appium:locationContextEnabled: false, appium:mode: cloud, appium:nativeWebScreenshot: true, appium:networkConnectionEnabled: true, appium:newCommandTimeout: 0, appium:orientation: PORTRAIT, appium:pixelRatio: 3, appium:platformVersion: 13, appium:resetKeyboard: true, appium:statBarHeight: 74, appium:systemPort: 12057, appium:takesScreenshot: true, appium:udid: RZCW20S8PLY, appium:uiautomator2ServerLaunchTimeout: 60000, appium:unicodeKeyboard: true, appium:viewportRect: {height: 2048, left: 0, top: 74, width: 1080}, appium:waitForQuiescence: false, appium:warnings: {}, appium:webStorageEnabled: false, platformName: ANDROID}
Session ID: 5a5d86f8-3ff2-46bb-a695-f72a2a35ce28
at java.base/jdk.internal.reflect.DirectConstructorHandleAccessor.newInstance(DirectConstructorHandleAccessor.java:67)
at java.base/java.lang.reflect.Constructor.newInstanceWithCaller(Constructor.java:500)
at java.base/java.lang.reflect.Constructor.newInstance(Constructor.java:484)
at org.openqa.selenium.remote.codec.w3c.W3CHttpResponseCodec.createException(W3CHttpResponseCodec.java:200)
at org.openqa.selenium.remote.codec.w3c.W3CHttpResponseCodec.decode(W3CHttpResponseCodec.java:133)
at org.openqa.selenium.remote.codec.w3c.W3CHttpResponseCodec.decode(W3CHttpResponseCodec.java:53)
at org.openqa.selenium.remote.HttpCommandExecutor.execute(HttpCommandExecutor.java:184)
at io.appium.java_client.remote.AppiumCommandExecutor.execute(AppiumCommandExecutor.java:189)
at org.openqa.selenium.remote.RemoteWebDriver.execute(RemoteWebDriver.java:541)
at org.openqa.selenium.remote.ElementLocation$ElementFinder$2.findElement(ElementLocation.java:162)
at org.openqa.selenium.remote.ElementLocation.findElement(ElementLocation.java:60)
at org.openqa.selenium.remote.RemoteWebDriver.findElement(RemoteWebDriver.java:365)
at org.openqa.selenium.remote.RemoteWebDriver.findElement(RemoteWebDriver.java:357)
at app.app_page_objects.SchedulePage_PageObjects.SingleAudit_And_TeamAudit.navigate_to_schedulepage(SingleAudit_And_TeamAudit.java:44)
at app.app_stepdefinitions.SchedulePage_StepDefinitions.SingleAudit_And_TeamAudit_StepDefinitions.navigate_to_schedule_page(SingleAudit_And_TeamAudit_StepDefinitions.java:33)
at ✽.navigates to app schedule page(file:///Users/user/Desktop/nimbly-automation-009/src/test/java/app/app_features/SchedulePage.feature:26)
]]>
    </error>
  </testcase> <!-- runScenario -->
  <system-out/>
</testsuite> <!-- cucumber_options.TestNG_testrunner_app -->
